{"C:\\Users\\HP\\Documents\\geektrust-backend\\src\\commonconstant\\constant.js": {"path":"C:\\Users\\HP\\Documents\\geektrust-backend\\src\\commonconstant\\constant.js","statementMap":{"0":{"start":{"line":1,"column":22},"end":{"line":10,"column":1}},"1":{"start":{"line":12,"column":27},"end":{"line":12,"column":28}},"2":{"start":{"line":13,"column":28},"end":{"line":13,"column":36}},"3":{"start":{"line":14,"column":11},"end":{"line":14,"column":17}},"4":{"start":{"line":15,"column":17},"end":{"line":15,"column":19}},"5":{"start":{"line":16,"column":17},"end":{"line":16,"column":19}},"6":{"start":{"line":17,"column":19},"end":{"line":17,"column":21}},"7":{"start":{"line":18,"column":10},"end":{"line":18,"column":13}},"8":{"start":{"line":19,"column":10},"end":{"line":19,"column":13}},"9":{"start":{"line":20,"column":0},"end":{"line":28,"column":23}}},"fnMap":{},"branchMap":{},"s":{"0":3,"1":3,"2":3,"3":3,"4":3,"5":3,"6":3,"7":3,"8":3,"9":3},"f":{},"b":{},"_coverageSchema":"43e27e138ebf9cfc5966b082cf9a028302ed4184","hash":"a6517e43030d0377cb52b65ddc93cb5e34174925"}
,"C:\\Users\\HP\\Documents\\geektrust-backend\\src\\service\\calculateAllies.js": {"path":"C:\\Users\\HP\\Documents\\geektrust-backend\\src\\service\\calculateAllies.js","statementMap":{"0":{"start":{"line":1,"column":20},"end":{"line":1,"column":38}},"1":{"start":{"line":2,"column":9},"end":{"line":2,"column":22}},"2":{"start":{"line":3,"column":54},"end":{"line":3,"column":91}},"3":{"start":{"line":5,"column":15},"end":{"line":29,"column":1}},"4":{"start":{"line":8,"column":8},"end":{"line":8,"column":33}},"5":{"start":{"line":14,"column":23},"end":{"line":14,"column":25}},"6":{"start":{"line":15,"column":12},"end":{"line":24,"column":13}},"7":{"start":{"line":17,"column":16},"end":{"line":17,"column":43}},"8":{"start":{"line":18,"column":16},"end":{"line":19,"column":60}},"9":{"start":{"line":18,"column":26},"end":{"line":18,"column":27}},"10":{"start":{"line":19,"column":20},"end":{"line":19,"column":60}},"11":{"start":{"line":23,"column":16},"end":{"line":23,"column":28}},"12":{"start":{"line":26,"column":12},"end":{"line":26,"column":33}},"13":{"start":{"line":31,"column":0},"end":{"line":31,"column":28}}},"fnMap":{"0":{"name":"(anonymous_0)","decl":{"start":{"line":6,"column":4},"end":{"line":6,"column":5}},"loc":{"start":{"line":7,"column":4},"end":{"line":9,"column":5}},"line":7},"1":{"name":"(anonymous_1)","decl":{"start":{"line":11,"column":4},"end":{"line":11,"column":5}},"loc":{"start":{"line":12,"column":4},"end":{"line":27,"column":5}},"line":12}},"branchMap":{"0":{"loc":{"start":{"line":15,"column":12},"end":{"line":24,"column":13}},"type":"if","locations":[{"start":{"line":15,"column":12},"end":{"line":24,"column":13}},{"start":{"line":15,"column":12},"end":{"line":24,"column":13}}],"line":15}},"s":{"0":1,"1":1,"2":1,"3":1,"4":2,"5":2,"6":2,"7":1,"8":1,"9":1,"10":3,"11":1,"12":2,"13":1},"f":{"0":2,"1":2},"b":{"0":[1,1]},"_coverageSchema":"43e27e138ebf9cfc5966b082cf9a028302ed4184","hash":"8f773eff2a8e506ab726e63f5f7e8ad46fa87db6"}
,"C:\\Users\\HP\\Documents\\geektrust-backend\\src\\service\\decryptmessage.js": {"path":"C:\\Users\\HP\\Documents\\geektrust-backend\\src\\service\\decryptmessage.js","statementMap":{"0":{"start":{"line":1,"column":52},"end":{"line":1,"column":89}},"1":{"start":{"line":3,"column":26},"end":{"line":35,"column":3}},"2":{"start":{"line":5,"column":6},"end":{"line":5,"column":29}},"3":{"start":{"line":6,"column":6},"end":{"line":6,"column":43}},"4":{"start":{"line":11,"column":28},"end":{"line":11,"column":40}},"5":{"start":{"line":12,"column":29},"end":{"line":12,"column":41}},"6":{"start":{"line":13,"column":8},"end":{"line":13,"column":50}},"7":{"start":{"line":14,"column":8},"end":{"line":32,"column":9}},"8":{"start":{"line":14,"column":18},"end":{"line":14,"column":19}},"9":{"start":{"line":17,"column":12},"end":{"line":31,"column":13}},"10":{"start":{"line":18,"column":24},"end":{"line":18,"column":76}},"11":{"start":{"line":19,"column":16},"end":{"line":21,"column":17}},"12":{"start":{"line":20,"column":20},"end":{"line":20,"column":42}},"13":{"start":{"line":22,"column":16},"end":{"line":25,"column":59}},"14":{"start":{"line":23,"column":16},"end":{"line":23,"column":100}},"15":{"start":{"line":25,"column":16},"end":{"line":25,"column":59}},"16":{"start":{"line":27,"column":17},"end":{"line":31,"column":13}},"17":{"start":{"line":29,"column":16},"end":{"line":29,"column":90}},"18":{"start":{"line":30,"column":16},"end":{"line":30,"column":26}},"19":{"start":{"line":33,"column":8},"end":{"line":33,"column":32}},"20":{"start":{"line":38,"column":0},"end":{"line":38,"column":39}}},"fnMap":{"0":{"name":"(anonymous_0)","decl":{"start":{"line":4,"column":4},"end":{"line":4,"column":5}},"loc":{"start":{"line":4,"column":41},"end":{"line":7,"column":5}},"line":4},"1":{"name":"(anonymous_1)","decl":{"start":{"line":9,"column":4},"end":{"line":9,"column":5}},"loc":{"start":{"line":10,"column":4},"end":{"line":34,"column":5}},"line":10}},"branchMap":{"0":{"loc":{"start":{"line":17,"column":12},"end":{"line":31,"column":13}},"type":"if","locations":[{"start":{"line":17,"column":12},"end":{"line":31,"column":13}},{"start":{"line":17,"column":12},"end":{"line":31,"column":13}}],"line":17},"1":{"loc":{"start":{"line":17,"column":16},"end":{"line":17,"column":62}},"type":"binary-expr","locations":[{"start":{"line":17,"column":16},"end":{"line":17,"column":37}},{"start":{"line":17,"column":41},"end":{"line":17,"column":62}}],"line":17},"2":{"loc":{"start":{"line":19,"column":16},"end":{"line":21,"column":17}},"type":"if","locations":[{"start":{"line":19,"column":16},"end":{"line":21,"column":17}},{"start":{"line":19,"column":16},"end":{"line":21,"column":17}}],"line":19},"3":{"loc":{"start":{"line":22,"column":16},"end":{"line":25,"column":59}},"type":"if","locations":[{"start":{"line":22,"column":16},"end":{"line":25,"column":59}},{"start":{"line":22,"column":16},"end":{"line":25,"column":59}}],"line":22},"4":{"loc":{"start":{"line":27,"column":17},"end":{"line":31,"column":13}},"type":"if","locations":[{"start":{"line":27,"column":17},"end":{"line":31,"column":13}},{"start":{"line":27,"column":17},"end":{"line":31,"column":13}}],"line":27}},"s":{"0":1,"1":1,"2":6,"3":6,"4":6,"5":6,"6":6,"7":6,"8":6,"9":53,"10":50,"11":50,"12":7,"13":50,"14":18,"15":32,"16":3,"17":1,"18":1,"19":5,"20":1},"f":{"0":6,"1":6},"b":{"0":[50,3],"1":[53,50],"2":[7,43],"3":[18,32],"4":[1,2]},"_coverageSchema":"43e27e138ebf9cfc5966b082cf9a028302ed4184","hash":"661399daab980a49d39b81fcda7d82dff863f46f"}
,"C:\\Users\\HP\\Documents\\geektrust-backend\\src\\service\\matchingDecryptedMssg.js": {"path":"C:\\Users\\HP\\Documents\\geektrust-backend\\src\\service\\matchingDecryptedMssg.js","statementMap":{"0":{"start":{"line":1,"column":25},"end":{"line":1,"column":62}},"1":{"start":{"line":2,"column":24},"end":{"line":34,"column":1}},"2":{"start":{"line":4,"column":6},"end":{"line":4,"column":47}},"3":{"start":{"line":5,"column":6},"end":{"line":5,"column":39}},"4":{"start":{"line":6,"column":6},"end":{"line":6,"column":31}},"5":{"start":{"line":11,"column":17},"end":{"line":11,"column":18}},"6":{"start":{"line":12,"column":25},"end":{"line":12,"column":43}},"7":{"start":{"line":13,"column":19},"end":{"line":13,"column":47}},"8":{"start":{"line":14,"column":20},"end":{"line":14,"column":41}},"9":{"start":{"line":15,"column":8},"end":{"line":27,"column":10}},"10":{"start":{"line":15,"column":18},"end":{"line":15,"column":19}},"11":{"start":{"line":18,"column":13},"end":{"line":26,"column":14}},"12":{"start":{"line":20,"column":16},"end":{"line":20,"column":56}},"13":{"start":{"line":24,"column":17},"end":{"line":24,"column":25}},"14":{"start":{"line":25,"column":17},"end":{"line":25,"column":23}},"15":{"start":{"line":29,"column":8},"end":{"line":30,"column":42}},"16":{"start":{"line":30,"column":8},"end":{"line":30,"column":42}},"17":{"start":{"line":32,"column":8},"end":{"line":32,"column":30}},"18":{"start":{"line":36,"column":0},"end":{"line":36,"column":35}}},"fnMap":{"0":{"name":"(anonymous_0)","decl":{"start":{"line":3,"column":4},"end":{"line":3,"column":5}},"loc":{"start":{"line":3,"column":58},"end":{"line":7,"column":5}},"line":3},"1":{"name":"(anonymous_1)","decl":{"start":{"line":9,"column":4},"end":{"line":9,"column":5}},"loc":{"start":{"line":10,"column":4},"end":{"line":33,"column":5}},"line":10}},"branchMap":{"0":{"loc":{"start":{"line":18,"column":13},"end":{"line":26,"column":14}},"type":"if","locations":[{"start":{"line":18,"column":13},"end":{"line":26,"column":14}},{"start":{"line":18,"column":13},"end":{"line":26,"column":14}}],"line":18},"1":{"loc":{"start":{"line":29,"column":8},"end":{"line":30,"column":42}},"type":"if","locations":[{"start":{"line":29,"column":8},"end":{"line":30,"column":42}},{"start":{"line":29,"column":8},"end":{"line":30,"column":42}}],"line":29}},"s":{"0":1,"1":1,"2":4,"3":4,"4":4,"5":4,"6":4,"7":4,"8":4,"9":4,"10":4,"11":16,"12":15,"13":1,"14":1,"15":4,"16":3,"17":4,"18":1},"f":{"0":4,"1":4},"b":{"0":[15,1],"1":[3,1]},"_coverageSchema":"43e27e138ebf9cfc5966b082cf9a028302ed4184","hash":"8c1ca82841d5c43665f25d6f419f401ff0a07ecb"}
}
