TN:
SF:C:\Users\HP\Documents\geektrust-backend\src\commonconstant\constant.js
FNF:0
FNH:0
DA:1,3
DA:12,3
DA:13,3
DA:14,3
DA:15,3
DA:16,3
DA:17,3
DA:18,3
DA:19,3
DA:20,3
LF:10
LH:10
BRF:0
BRH:0
end_of_record
TN:
SF:C:\Users\HP\Documents\geektrust-backend\src\service\calculateAllies.js
FN:6,(anonymous_0)
FN:11,(anonymous_1)
FNF:2
FNH:2
FNDA:2,(anonymous_0)
FNDA:2,(anonymous_1)
DA:1,1
DA:2,1
DA:3,1
DA:5,1
DA:8,2
DA:14,2
DA:15,2
DA:17,1
DA:18,1
DA:19,3
DA:23,1
DA:26,2
DA:31,1
LF:13
LH:13
BRDA:15,0,0,1
BRDA:15,0,1,1
BRF:2
BRH:2
end_of_record
TN:
SF:C:\Users\HP\Documents\geektrust-backend\src\service\decryptmessage.js
FN:4,(anonymous_0)
FN:9,(anonymous_1)
FNF:2
FNH:2
FNDA:6,(anonymous_0)
FNDA:6,(anonymous_1)
DA:1,1
DA:3,1
DA:5,6
DA:6,6
DA:11,6
DA:12,6
DA:13,6
DA:14,6
DA:17,53
DA:18,50
DA:19,50
DA:20,7
DA:22,50
DA:23,18
DA:25,32
DA:27,3
DA:29,1
DA:30,1
DA:33,5
DA:38,1
LF:20
LH:20
BRDA:17,0,0,50
BRDA:17,0,1,3
BRDA:17,1,0,53
BRDA:17,1,1,50
BRDA:19,2,0,7
BRDA:19,2,1,43
BRDA:22,3,0,18
BRDA:22,3,1,32
BRDA:27,4,0,1
BRDA:27,4,1,2
BRF:10
BRH:10
end_of_record
TN:
SF:C:\Users\HP\Documents\geektrust-backend\src\service\matchingDecryptedMssg.js
FN:3,(anonymous_0)
FN:9,(anonymous_1)
FNF:2
FNH:2
FNDA:4,(anonymous_0)
FNDA:4,(anonymous_1)
DA:1,1
DA:2,1
DA:4,4
DA:5,4
DA:6,4
DA:11,4
DA:12,4
DA:13,4
DA:14,4
DA:15,4
DA:18,16
DA:20,15
DA:24,1
DA:25,1
DA:29,4
DA:30,3
DA:32,4
DA:36,1
LF:18
LH:18
BRDA:18,0,0,15
BRDA:18,0,1,1
BRDA:29,1,0,3
BRDA:29,1,1,1
BRF:4
BRH:4
end_of_record
